<?xml version="1.0" encoding="UTF-8"?>
<!-- Generated by org.testng.reporters.JUnitXMLReporter -->
<testsuite ignored="0" hostname="DESKTOP-57U95UN" failures="0" tests="5" name="Default test" time="90.586" errors="0" timestamp="2025-06-11T17:47:30 IST">
  <testcase classname="org.testngIntro.Adactinhotelapp_DataProvider" name="login" time="22.212"/>
  <testcase classname="org.testngIntro.Adactinhotelapp_DataProvider" name="login" time="16.575"/>
  <testcase classname="org.testngIntro.Adactinhotelapp_DataProvider" name="login" time="16.572"/>
  <testcase classname="org.testngIntro.Adactinhotelapp_DataProvider" name="login" time="17.968"/>
  <testcase classname="org.testngIntro.Adactinhotelapp_DataProvider" name="login" time="17.148"/>
</testsuite> <!-- Default test -->
