<?xml version="1.0" encoding="UTF-8"?>
<testng-results ignored="0" total="2" passed="2" failed="0" skipped="0">
  <reporter-output>
  </reporter-output>
  <suite started-at="2025-06-18T13:38:07 IST" name="Default suite" finished-at="2025-06-18T13:38:43 IST" duration-ms="35587">
    <groups>
      <group name="cucumber">
        <method signature="AbstractTestNGCucumberTests.runScenario(io.cucumber.testng.PickleWrapper,io.cucumber.testng.FeatureWrapper)[pri:0, instance:runner.FbRunner@69504ae9]" name="runScenario" class="io.cucumber.testng.AbstractTestNGCucumberTests"/>
      </group> <!-- cucumber -->
    </groups>
    <test started-at="2025-06-18T13:38:07 IST" name="Default test" finished-at="2025-06-18T13:38:43 IST" duration-ms="35587">
      <class name="runner.FbRunner">
        <test-method is-config="true" signature="setUpClass(org.testng.ITestContext)[pri:0, instance:runner.FbRunner@69504ae9]" started-at="2025-06-18T13:38:07 IST" name="setUpClass" finished-at="2025-06-18T13:38:08 IST" duration-ms="1051" status="PASS">
          <params>
            <param index="0">
              <value>
                <![CDATA[org.testng.TestRunner@5a02bfe3]]>
              </value>
            </param>
          </params>
          <reporter-output>
          </reporter-output>
        </test-method> <!-- setUpClass -->
        <test-method signature="runScenario(io.cucumber.testng.PickleWrapper,io.cucumber.testng.FeatureWrapper)[pri:0, instance:runner.FbRunner@69504ae9]" started-at="2025-06-18T13:38:08 IST" name="runScenario" description="Runs Cucumber Scenarios" data-provider="scenarios" finished-at="2025-06-18T13:38:16 IST" duration-ms="7369" status="PASS">
          <params>
            <param index="0">
              <value>
                <![CDATA["Validate Invalid Login Credential of facebook"]]>
              </value>
            </param>
            <param index="1">
              <value>
                <![CDATA["Loginto FaceBook"]]>
              </value>
            </param>
          </params>
          <reporter-output>
          </reporter-output>
        </test-method> <!-- runScenario -->
        <test-method signature="runScenario(io.cucumber.testng.PickleWrapper,io.cucumber.testng.FeatureWrapper)[pri:0, instance:runner.FbRunner@69504ae9]" started-at="2025-06-18T13:38:16 IST" name="runScenario" description="Runs Cucumber Scenarios" data-provider="scenarios" finished-at="2025-06-18T13:38:41 IST" duration-ms="25087" status="PASS">
          <params>
            <param index="0">
              <value>
                <![CDATA["Validate Invalid Login Credential of facebook"]]>
              </value>
            </param>
            <param index="1">
              <value>
                <![CDATA["Loginto FaceBook"]]>
              </value>
            </param>
          </params>
          <reporter-output>
          </reporter-output>
        </test-method> <!-- runScenario -->
        <test-method is-config="true" signature="tearDownClass()[pri:0, instance:runner.FbRunner@69504ae9]" started-at="2025-06-18T13:38:41 IST" name="tearDownClass" finished-at="2025-06-18T13:38:43 IST" duration-ms="2011" status="PASS">
          <reporter-output>
          </reporter-output>
        </test-method> <!-- tearDownClass -->
      </class> <!-- runner.FbRunner -->
    </test> <!-- Default test -->
  </suite> <!-- Default suite -->
</testng-results>
